<?xml version="1.0" encoding="UTF-8"?>
<testsuite xmlns:xsi="http://www.w3.org/2001/XMLSchema-instance" xsi:noNamespaceSchemaLocation="https://maven.apache.org/surefire/maven-surefire-plugin/xsd/surefire-test-report-3.0.xsd" version="3.0" name="com.nnk.springboot.BidTest" time="5.64" tests="1" errors="0" skipped="0" failures="0">
  <properties>
[...]
</properties>
  <testcase name="bidListTest" classname="com.nnk.springboot.BidTest" time="0.685">
    <system-out><![CDATA[09:27:40.588 [main] INFO org.springframework.test.context.support.AnnotationConfigContextLoaderUtils -- Could not detect default configuration classes for test class [com.nnk.springboot.BidTest]: BidTest does not declare any static, non-private, non-final, nested classes annotated with @Configuration.
09:27:40.669 [main] INFO org.springframework.boot.test.context.SpringBootTestContextBootstrapper -- Found @SpringBootConfiguration com.nnk.springboot.Application for test class com.nnk.springboot.BidTest

  .   ____          _            __ _ _
 /\\ / ___'_ __ _ _(_)_ __  __ _ \ \ \ \
( ( )\___ | '_ | '_| | '_ \/ _` | \ \ \ \
 \\/  ___)| |_)| | | | | || (_| |  ) ) ) )
  '  |____| .__|_| |_|_| |_\__, | / / / /
 =========|_|==============|___/=/_/_/_/
 :: Spring Boot ::                (v3.1.0)

2025-07-04T09:27:41.078+02:00  INFO 29024 --- [           main] com.nnk.springboot.BidTest               : Starting BidTest using Java 17.0.15 with PID 29024 (started by nicol in C:\Users\nicol\OneDrive\Bureau\Formation Java\projet7\JavaDA_PROJECT7_RESTAPI\Poseiden-skeleton)
2025-07-04T09:27:41.080+02:00  INFO 29024 --- [           main] com.nnk.springboot.BidTest               : No active profile set, falling back to 1 default profile: "default"
2025-07-04T09:27:41.665+02:00  INFO 29024 --- [           main] .s.d.r.c.RepositoryConfigurationDelegate : Bootstrapping Spring Data JPA repositories in DEFAULT mode.
2025-07-04T09:27:41.732+02:00  INFO 29024 --- [           main] .s.d.r.c.RepositoryConfigurationDelegate : Finished Spring Data repository scanning in 54 ms. Found 6 JPA repository interfaces.
2025-07-04T09:27:42.220+02:00  INFO 29024 --- [           main] o.hibernate.jpa.internal.util.LogHelper  : HHH000204: Processing PersistenceUnitInfo [name: default]
2025-07-04T09:27:42.281+02:00  INFO 29024 --- [           main] org.hibernate.Version                    : HHH000412: Hibernate ORM core version 6.2.2.Final
2025-07-04T09:27:42.284+02:00  INFO 29024 --- [           main] org.hibernate.cfg.Environment            : HHH000406: Using bytecode reflection optimizer
2025-07-04T09:27:42.445+02:00  INFO 29024 --- [           main] o.h.b.i.BytecodeProviderInitiator        : HHH000021: Bytecode provider name : bytebuddy
2025-07-04T09:27:42.562+02:00  INFO 29024 --- [           main] o.s.o.j.p.SpringPersistenceUnitInfo      : No LoadTimeWeaver setup: ignoring JPA class transformer
2025-07-04T09:27:42.579+02:00  INFO 29024 --- [           main] com.zaxxer.hikari.HikariDataSource       : HikariPool-1 - Starting...
2025-07-04T09:27:42.871+02:00  INFO 29024 --- [           main] com.zaxxer.hikari.pool.HikariPool        : HikariPool-1 - Added connection com.mysql.cj.jdbc.ConnectionImpl@406ad6d5
2025-07-04T09:27:42.873+02:00  INFO 29024 --- [           main] com.zaxxer.hikari.HikariDataSource       : HikariPool-1 - Start completed.
2025-07-04T09:27:42.936+02:00  INFO 29024 --- [           main] org.hibernate.orm.dialect                : HHH035001: Using dialect: org.hibernate.dialect.MySQLDialect, version: 8.0.41
2025-07-04T09:27:43.203+02:00  INFO 29024 --- [           main] o.h.b.i.BytecodeProviderInitiator        : HHH000021: Bytecode provider name : bytebuddy
2025-07-04T09:27:43.888+02:00  INFO 29024 --- [           main] o.h.e.t.j.p.i.JtaPlatformInitiator       : HHH000490: Using JtaPlatform implementation: [org.hibernate.engine.transaction.jta.platform.internal.NoJtaPlatform]
Hibernate: alter table bidlist modify column ask  float(53)
Hibernate: alter table bidlist modify column ask_quantity  float(53)
Hibernate: alter table bidlist modify column bid  float(53)
Hibernate: alter table bidlist modify column bid_list_date  datetime(6)
Hibernate: alter table bidlist modify column bid_quantity  float(53)
Hibernate: alter table bidlist modify column creation_date  datetime(6)
Hibernate: alter table bidlist modify column revision_date  datetime(6)
Hibernate: alter table curve_point modify column as_of_date  datetime(6)
Hibernate: alter table curve_point modify column creation_date  datetime(6)
Hibernate: alter table curve_point modify column term  float(53)
Hibernate: alter table curve_point modify column value  float(53)
Hibernate: alter table trade modify column buy_price  float(53)
Hibernate: alter table trade modify column buy_quantity  float(53)
Hibernate: alter table trade modify column creation_date  datetime(6)
Hibernate: alter table trade modify column revision_date  datetime(6)
Hibernate: alter table trade modify column sell_price  float(53)
Hibernate: alter table trade modify column sell_quantity  float(53)
Hibernate: alter table trade modify column trade_date  datetime(6)
2025-07-04T09:27:44.121+02:00  INFO 29024 --- [           main] j.LocalContainerEntityManagerFactoryBean : Initialized JPA EntityManagerFactory for persistence unit 'default'
2025-07-04T09:27:44.675+02:00  WARN 29024 --- [           main] JpaBaseConfiguration$JpaWebConfiguration : spring.jpa.open-in-view is enabled by default. Therefore, database queries may be performed during view rendering. Explicitly configure spring.jpa.open-in-view to disable this warning
2025-07-04T09:27:45.156+02:00  WARN 29024 --- [           main] .s.s.UserDetailsServiceAutoConfiguration : 

Using generated security password: c0f548b1-e40d-4a37-af0b-f56dd8c23ac3

This generated password is for development use only. Your security configuration must be updated before running your application in production.

2025-07-04T09:27:45.318+02:00  INFO 29024 --- [           main] o.s.s.web.DefaultSecurityFilterChain     : Will secure any request with [org.springframework.security.web.session.DisableEncodeUrlFilter@38eafdab, org.springframework.security.web.context.request.async.WebAsyncManagerIntegrationFilter@373c8f35, org.springframework.security.web.context.SecurityContextHolderFilter@5f0bf0ed, org.springframework.security.web.header.HeaderWriterFilter@1644cc2d, org.springframework.security.web.csrf.CsrfFilter@7cb4d4ee, org.springframework.security.web.authentication.logout.LogoutFilter@7a0f1f9d, org.springframework.security.web.authentication.UsernamePasswordAuthenticationFilter@7c4de811, org.springframework.security.web.authentication.ui.DefaultLoginPageGeneratingFilter@cda988, org.springframework.security.web.authentication.ui.DefaultLogoutPageGeneratingFilter@1d86b636, org.springframework.security.web.authentication.www.BasicAuthenticationFilter@4df8443f, org.springframework.security.web.savedrequest.RequestCacheAwareFilter@2e17a9e6, org.springframework.security.web.servletapi.SecurityContextHolderAwareRequestFilter@650a0b50, org.springframework.security.web.authentication.AnonymousAuthenticationFilter@e0c03bd, org.springframework.security.web.access.ExceptionTranslationFilter@2df7766b, org.springframework.security.web.access.intercept.AuthorizationFilter@4db10b9f]
2025-07-04T09:27:45.372+02:00  INFO 29024 --- [           main] com.nnk.springboot.BidTest               : Started BidTest in 4.554 seconds (process running for 5.543)
Hibernate: insert into bidlist (account,ask,ask_quantity,benchmark,bid,bid_list_date,bid_quantity,book,commentary,creation_date,creation_name,deal_name,deal_type,revision_date,revision_name,security,side,source_list_id,status,trader,type) values (?,?,?,?,?,?,?,?,?,?,?,?,?,?,?,?,?,?,?,?,?)
Hibernate: select b1_0.id,b1_0.account,b1_0.ask,b1_0.ask_quantity,b1_0.benchmark,b1_0.bid,b1_0.bid_list_date,b1_0.bid_quantity,b1_0.book,b1_0.commentary,b1_0.creation_date,b1_0.creation_name,b1_0.deal_name,b1_0.deal_type,b1_0.revision_date,b1_0.revision_name,b1_0.security,b1_0.side,b1_0.source_list_id,b1_0.status,b1_0.trader,b1_0.type from bidlist b1_0 where b1_0.id=?
Hibernate: update bidlist set account=?,ask=?,ask_quantity=?,benchmark=?,bid=?,bid_list_date=?,bid_quantity=?,book=?,commentary=?,creation_date=?,creation_name=?,deal_name=?,deal_type=?,revision_date=?,revision_name=?,security=?,side=?,source_list_id=?,status=?,trader=?,type=? where id=?
Hibernate: select b1_0.id,b1_0.account,b1_0.ask,b1_0.ask_quantity,b1_0.benchmark,b1_0.bid,b1_0.bid_list_date,b1_0.bid_quantity,b1_0.book,b1_0.commentary,b1_0.creation_date,b1_0.creation_name,b1_0.deal_name,b1_0.deal_type,b1_0.revision_date,b1_0.revision_name,b1_0.security,b1_0.side,b1_0.source_list_id,b1_0.status,b1_0.trader,b1_0.type from bidlist b1_0
Hibernate: select b1_0.id,b1_0.account,b1_0.ask,b1_0.ask_quantity,b1_0.benchmark,b1_0.bid,b1_0.bid_list_date,b1_0.bid_quantity,b1_0.book,b1_0.commentary,b1_0.creation_date,b1_0.creation_name,b1_0.deal_name,b1_0.deal_type,b1_0.revision_date,b1_0.revision_name,b1_0.security,b1_0.side,b1_0.source_list_id,b1_0.status,b1_0.trader,b1_0.type from bidlist b1_0 where b1_0.id=?
Hibernate: delete from bidlist where id=?
Hibernate: select b1_0.id,b1_0.account,b1_0.ask,b1_0.ask_quantity,b1_0.benchmark,b1_0.bid,b1_0.bid_list_date,b1_0.bid_quantity,b1_0.book,b1_0.commentary,b1_0.creation_date,b1_0.creation_name,b1_0.deal_name,b1_0.deal_type,b1_0.revision_date,b1_0.revision_name,b1_0.security,b1_0.side,b1_0.source_list_id,b1_0.status,b1_0.trader,b1_0.type from bidlist b1_0 where b1_0.id=?
]]></system-out>
  </testcase>
</testsuite>